F:\learning\program\MFC\Debug\MFC.pdb
F:\learning\program\MFC\MFC\Debug\cl.command.1.tlog
F:\learning\program\MFC\MFC\Debug\CL.read.1.tlog
F:\learning\program\MFC\MFC\Debug\CL.write.1.tlog
F:\LEARNING\PROGRAM\MFC\MFC\DEBUG\COMMONALGODLG.OBJ
F:\learning\program\MFC\MFC\Debug\link.10040.read.1.tlog
F:\learning\program\MFC\MFC\Debug\link.10040.write.1.tlog
F:\learning\program\MFC\MFC\Debug\link.10040-cvtres.read.1.tlog
F:\learning\program\MFC\MFC\Debug\link.10040-cvtres.write.1.tlog
F:\learning\program\MFC\MFC\Debug\link.11904.read.1.tlog
F:\learning\program\MFC\MFC\Debug\link.11904.write.1.tlog
F:\learning\program\MFC\MFC\Debug\link.11904-cvtres.read.1.tlog
F:\learning\program\MFC\MFC\Debug\link.11904-cvtres.write.1.tlog
F:\learning\program\MFC\MFC\Debug\link.1560.read.1.tlog
F:\learning\program\MFC\MFC\Debug\link.1560.write.1.tlog
F:\learning\program\MFC\MFC\Debug\link.1560-cvtres.read.1.tlog
F:\learning\program\MFC\MFC\Debug\link.1560-cvtres.write.1.tlog
F:\learning\program\MFC\MFC\Debug\link.3216.read.1.tlog
F:\learning\program\MFC\MFC\Debug\link.3216.write.1.tlog
F:\learning\program\MFC\MFC\Debug\link.3216-cvtres.read.1.tlog
F:\learning\program\MFC\MFC\Debug\link.3216-cvtres.write.1.tlog
F:\learning\program\MFC\MFC\Debug\link.6876.read.1.tlog
F:\learning\program\MFC\MFC\Debug\link.6876.write.1.tlog
F:\learning\program\MFC\MFC\Debug\link.6876-cvtres.read.1.tlog
F:\learning\program\MFC\MFC\Debug\link.6876-cvtres.write.1.tlog
F:\learning\program\MFC\MFC\Debug\link.9744.read.1.tlog
F:\learning\program\MFC\MFC\Debug\link.9744.write.1.tlog
F:\learning\program\MFC\MFC\Debug\link.9744-cvtres.read.1.tlog
F:\learning\program\MFC\MFC\Debug\link.9744-cvtres.write.1.tlog
F:\learning\program\MFC\MFC\Debug\link.command.1.tlog
F:\learning\program\MFC\MFC\Debug\link.read.1.tlog
F:\learning\program\MFC\MFC\Debug\link.write.1.tlog
F:\learning\program\MFC\MFC\Debug\link-cvtres.read.1.tlog
F:\learning\program\MFC\MFC\Debug\link-cvtres.write.1.tlog
F:\LEARNING\PROGRAM\MFC\MFC\DEBUG\MFC.EXE.EMBED.MANIFEST
F:\LEARNING\PROGRAM\MFC\MFC\DEBUG\MFC.EXE.EMBED.MANIFEST.RES
F:\learning\program\MFC\MFC\Debug\MFC.exe.intermediate.manifest
F:\LEARNING\PROGRAM\MFC\MFC\DEBUG\MFC.OBJ
F:\LEARNING\PROGRAM\MFC\MFC\DEBUG\MFC.PCH
F:\LEARNING\PROGRAM\MFC\MFC\DEBUG\MFC.RES
F:\learning\program\MFC\MFC\Debug\MFC.vcxprojResolveAssemblyReference.cache
F:\learning\program\MFC\MFC\Debug\MFC.write.1.tlog
F:\learning\program\MFC\MFC\Debug\MFC_manifest.rc
F:\LEARNING\PROGRAM\MFC\MFC\DEBUG\MFCDLG.OBJ
F:\learning\program\MFC\MFC\Debug\mt.command.1.tlog
F:\learning\program\MFC\MFC\Debug\mt.read.1.tlog
F:\learning\program\MFC\MFC\Debug\mt.write.1.tlog
F:\learning\program\MFC\MFC\Debug\rc.command.1.tlog
F:\learning\program\MFC\MFC\Debug\rc.read.1.tlog
F:\learning\program\MFC\MFC\Debug\rc.write.1.tlog
F:\LEARNING\PROGRAM\MFC\MFC\DEBUG\SIMULATEDANNEALDLG.OBJ
F:\LEARNING\PROGRAM\MFC\MFC\DEBUG\STDAFX.OBJ
F:\learning\program\MFC\MFC\Debug\vc100.idb
F:\LEARNING\PROGRAM\MFC\MFC\DEBUG\VC100.PDB
