F:\LEARNING\PROGRAM\MAIN\DEBUG\MAIN.EXE
F:\LEARNING\PROGRAM\MAIN\DEBUG\MAIN.ILK
F:\LEARNING\PROGRAM\MAIN\DEBUG\MAIN.PDB
F:\learning\program\main\main\Debug\cl.command.1.tlog
F:\learning\program\main\main\Debug\CL.read.1.tlog
F:\learning\program\main\main\Debug\CL.write.1.tlog
F:\LEARNING\PROGRAM\MAIN\MAIN\DEBUG\CONTROLS.OBJ
F:\learning\program\main\main\Debug\link.13308.read.1.tlog
F:\learning\program\main\main\Debug\link.13308.write.1.tlog
F:\learning\program\main\main\Debug\link.13308-cvtres.read.1.tlog
F:\learning\program\main\main\Debug\link.13308-cvtres.write.1.tlog
F:\learning\program\main\main\Debug\link.6616.read.1.tlog
F:\learning\program\main\main\Debug\link.6616.write.1.tlog
F:\learning\program\main\main\Debug\link.6616-cvtres.read.1.tlog
F:\learning\program\main\main\Debug\link.6616-cvtres.write.1.tlog
F:\learning\program\main\main\Debug\link.command.1.tlog
F:\learning\program\main\main\Debug\link.read.1.tlog
F:\learning\program\main\main\Debug\link.write.1.tlog
F:\learning\program\main\main\Debug\link-cvtres.read.1.tlog
F:\learning\program\main\main\Debug\link-cvtres.write.1.tlog
F:\learning\program\main\main\Debug\main.exe.embed.manifest
F:\LEARNING\PROGRAM\MAIN\MAIN\DEBUG\MAIN.EXE.EMBED.MANIFEST.RES
F:\LEARNING\PROGRAM\MAIN\MAIN\DEBUG\MAIN.EXE.INTERMEDIATE.MANIFEST
F:\LEARNING\PROGRAM\MAIN\MAIN\DEBUG\MAIN.OBJ
F:\learning\program\main\main\Debug\main.vcxprojResolveAssemblyReference.cache
F:\learning\program\main\main\Debug\main.write.1.tlog
F:\learning\program\main\main\Debug\main_manifest.rc
F:\learning\program\main\main\Debug\mt.command.1.tlog
F:\learning\program\main\main\Debug\mt.read.1.tlog
F:\learning\program\main\main\Debug\mt.write.1.tlog
F:\learning\program\main\main\Debug\objloader.obj
F:\learning\program\main\main\Debug\quaternion_utils.obj
F:\learning\program\main\main\Debug\rc.command.1.tlog
F:\learning\program\main\main\Debug\rc.read.1.tlog
F:\learning\program\main\main\Debug\rc.write.1.tlog
F:\learning\program\main\main\Debug\shader.obj
F:\learning\program\main\main\Debug\tangentspace.obj
F:\learning\program\main\main\Debug\text2D.obj
F:\learning\program\main\main\Debug\texture.obj
F:\learning\program\main\main\Debug\vboindexer.obj
F:\learning\program\main\main\Debug\vc100.idb
F:\LEARNING\PROGRAM\MAIN\MAIN\DEBUG\VC100.PDB
F:\LEARNING\PROGRAM\MAIN_OLD\DEBUG\MAIN.EXE
F:\LEARNING\PROGRAM\MAIN_OLD\DEBUG\MAIN.ILK
F:\LEARNING\PROGRAM\MAIN_OLD\DEBUG\MAIN.PDB
F:\LEARNING\PROGRAM\MAIN_OLD\MAIN\DEBUG\CONTROLS.OBJ
F:\LEARNING\PROGRAM\MAIN_OLD\MAIN\DEBUG\MAIN.EXE.EMBED.MANIFEST
F:\LEARNING\PROGRAM\MAIN_OLD\MAIN\DEBUG\MAIN.EXE.EMBED.MANIFEST.RES
F:\LEARNING\PROGRAM\MAIN_OLD\MAIN\DEBUG\MAIN.EXE.INTERMEDIATE.MANIFEST
F:\LEARNING\PROGRAM\MAIN_OLD\MAIN\DEBUG\MAIN.OBJ
F:\LEARNING\PROGRAM\MAIN_OLD\MAIN\DEBUG\OBJLOADER.OBJ
F:\LEARNING\PROGRAM\MAIN_OLD\MAIN\DEBUG\QUATERNION_UTILS.OBJ
F:\LEARNING\PROGRAM\MAIN_OLD\MAIN\DEBUG\SHADER.OBJ
F:\LEARNING\PROGRAM\MAIN_OLD\MAIN\DEBUG\TANGENTSPACE.OBJ
F:\LEARNING\PROGRAM\MAIN_OLD\MAIN\DEBUG\TEXT2D.OBJ
F:\LEARNING\PROGRAM\MAIN_OLD\MAIN\DEBUG\TEXTURE.OBJ
F:\LEARNING\PROGRAM\MAIN_OLD\MAIN\DEBUG\VBOINDEXER.OBJ
F:\LEARNING\PROGRAM\MAIN_OLD\MAIN\DEBUG\VC100.PDB
