生成启动时间为 9/13/2016 5:14:01 PM。
     1>项目“F:\learning\program\main\main\main.vcxproj”在节点 2 上(build 个目标)。
     1>InitializeBuildStatus:
         正在对“Debug\main.unsuccessfulbuild”执行 Touch 任务。
       ClCompile:
         所有输出均为最新。
         F:\software\VS2010\VC\bin\CL.exe /c /I"C:\Program Files (x86)\Intel\OpenCL SDK\include" /Zi /nologo /W0 /WX- /Od /Oy- /D WIN32 /D _DEBUG /D _CONSOLE /D _UNICODE /D UNICODE /D _ATL_STATIC_REGISTRY /Gm /EHsc /RTC1 /MDd /GS /fp:precise /Zc:wchar_t /Zc:forScope /Fo"Debug\\" /Fd"Debug\vc100.pdb" /Gd /TP /analyze- /errorReport:prompt ..\..\..\OpenGLLib\include\common\controls.cpp ..\..\..\OpenGLLib\include\common\objloader.cpp ..\..\..\OpenGLLib\include\common\quaternion_utils.cpp ..\..\..\OpenGLLib\include\common\shader.cpp ..\..\..\OpenGLLib\include\common\tangentspace.cpp ..\..\..\OpenGLLib\include\common\text2D.cpp ..\..\..\OpenGLLib\include\common\texture.cpp ..\..\..\OpenGLLib\include\common\vboindexer.cpp main.cpp
         main.cpp
         vboindexer.cpp
         texture.cpp
         text2D.cpp
         tangentspace.cpp
         shader.cpp
         quaternion_utils.cpp
         objloader.cpp
         controls.cpp
         正在生成代码...
       ManifestResourceCompile:
         所有输出均为最新。
       Link:
         F:\software\VS2010\VC\bin\link.exe /ERRORREPORT:PROMPT /OUT:"F:\learning\program\main\Debug\main.exe" /INCREMENTAL /NOLOGO /LIBPATH:"C:\Program Files (x86)\Intel\OpenCL SDK\lib\x86" OpenCL.lib glew32.lib OpenGL32.lib glfw3.lib OpenCL.lib kernel32.lib user32.lib gdi32.lib winspool.lib comdlg32.lib advapi32.lib shell32.lib ole32.lib oleaut32.lib uuid.lib odbc32.lib odbccp32.lib /NODEFAULTLIB:MSVCRT /MANIFEST /ManifestFile:"Debug\main.exe.intermediate.manifest" /MANIFESTUAC:"level='asInvoker' uiAccess='false'" /DEBUG /PDB:"F:\learning\program\main\Debug\main.pdb" /SUBSYSTEM:CONSOLE /TLBID:1 /DYNAMICBASE /NXCOMPAT /IMPLIB:"F:\learning\program\main\Debug\main.lib" /MACHINE:X86 Debug\main.exe.embed.manifest.res
         Debug\controls.obj
         Debug\objloader.obj
         Debug\quaternion_utils.obj
         Debug\shader.obj
         Debug\tangentspace.obj
         Debug\text2D.obj
         Debug\texture.obj
         Debug\vboindexer.obj
         Debug\main.obj
         ..\..\..\OpenGLLib\lib\glew32.lib
         ..\..\..\OpenGLLib\lib\glew32s.lib
         ..\..\..\OpenGLLib\lib\glfw3.lib
         ..\..\..\OpenGLLib\lib\glfw3dll.lib
       Manifest:
         C:\Program Files (x86)\Microsoft SDKs\Windows\v7.0A\bin\mt.exe /nologo /verbose /out:"Debug\main.exe.embed.manifest" /manifest Debug\main.exe.intermediate.manifest
         所有输出均为最新。
       LinkEmbedManifest:
         所有输出均为最新。
         main.vcxproj -> F:\learning\program\main\Debug\main.exe
       FinalizeBuildStatus:
         正在删除文件“Debug\main.unsuccessfulbuild”。
         正在对“Debug\main.lastbuildstate”执行 Touch 任务。
     1>已完成生成项目“F:\learning\program\main\main\main.vcxproj”(build 个目标)的操作。

生成成功。

已用时间 00:00:05.47
